# JRE version: Java(TM) SE Runtime Environment (17.0.12+8) (build 17.0.12+8-LTS-286)
# Java VM: Java HotSpot(TM) 64-Bit Server VM (17.0.12+8-LTS-286, mixed mode, sharing, tiered, compressed oops, compressed class ptrs, g1 gc, windows-amd64)
GC Precious Log:
 CPUs: 4 total, 4 available
 Memory: 4017M
 Large Page Support: Disabled
 NUMA Support: Disabled
 Compressed Oops: Enabled (Zero based)
 Heap Region Size: 2M
 Heap Min Capacity: 8M
 Heap Initial Capacity: 64M
 Heap Max Capacity: 4G
 Pre-touch: Disabled
 Parallel Workers: 4
 Concurrent Workers: 1
 Concurrent Refinement Workers: 4
 Periodic GC: Disabled
Heap:
 garbage-first heap   total 65536K, used 25519K [0x0000000700000000, 0x0000000800000000)
  region size 2048K, 4 young (8192K), 2 survivors (4096K)
 Metaspace       used 20503K, committed 20800K, reserved 491520K
  class space    used 2831K, committed 3008K, reserved 425984K
GC Heap History (16 events):
Event: 1.787 GC heap before
{Heap before GC invocations=0 (full 0):
 garbage-first heap   total 65536K, used 12288K [0x0000000700000000, 0x0000000800000000)
  region size 2048K, 6 young (12288K), 0 survivors (0K)
 Metaspace       used 773K, committed 896K, reserved 491520K
  class space    used 61K, committed 128K, reserved 425984K
}
Event: 1.798 GC heap after
{Heap after GC invocations=1 (full 0):
 garbage-first heap   total 65536K, used 1176K [0x0000000700000000, 0x0000000800000000)
  region size 2048K, 1 young (2048K), 1 survivors (2048K)
 Metaspace       used 773K, committed 896K, reserved 491520K
  class space    used 61K, committed 128K, reserved 425984K
}
Event: 3.599 GC heap before
{Heap before GC invocations=1 (full 0):
 garbage-first heap   total 65536K, used 19608K [0x0000000700000000, 0x0000000800000000)
  region size 2048K, 9 young (18432K), 1 survivors (2048K)
 Metaspace       used 1171K, committed 1344K, reserved 491520K
  class space    used 74K, committed 128K, reserved 425984K
}
Event: 3.611 GC heap after
{Heap after GC invocations=2 (full 0):
 garbage-first heap   total 65536K, used 10231K [0x0000000700000000, 0x0000000800000000)
  region size 2048K, 2 young (4096K), 2 survivors (4096K)
 Metaspace       used 1171K, committed 1344K, reserved 491520K
  class space    used 74K, committed 128K, reserved 425984K
}
Event: 9.440 GC heap before
{Heap before GC invocations=2 (full 0):
 garbage-first heap   total 65536K, used 42999K [0x0000000700000000, 0x0000000800000000)
  region size 2048K, 18 young (36864K), 2 survivors (4096K)
 Metaspace       used 4585K, committed 4736K, reserved 491520K
  class space    used 571K, committed 640K, reserved 425984K
}
Event: 9.456 GC heap after
{Heap after GC invocations=3 (full 0):
 garbage-first heap   total 65536K, used 12156K [0x0000000700000000, 0x0000000800000000)
  region size 2048K, 1 young (2048K), 1 survivors (2048K)
 Metaspace       used 4585K, committed 4736K, reserved 491520K
  class space    used 571K, committed 640K, reserved 425984K
}
Event: 12.346 GC heap before
{Heap before GC invocations=3 (full 0):
 garbage-first heap   total 65536K, used 40828K [0x0000000700000000, 0x0000000800000000)
  region size 2048K, 16 young (32768K), 1 survivors (2048K)
 Metaspace       used 4624K, committed 4800K, reserved 491520K
  class space    used 571K, committed 640K, reserved 425984K
}
Event: 12.354 GC heap after
{Heap after GC invocations=4 (full 0):
 garbage-first heap   total 65536K, used 13356K [0x0000000700000000, 0x0000000800000000)
  region size 2048K, 2 young (4096K), 2 survivors (4096K)
 Metaspace       used 4624K, committed 4800K, reserved 491520K
  class space    used 571K, committed 640K, reserved 425984K
}
Event: 26.834 GC heap before
{Heap before GC invocations=4 (full 0):
 garbage-first heap   total 65536K, used 42028K [0x0000000700000000, 0x0000000800000000)
  region size 2048K, 17 young (34816K), 2 survivors (4096K)
 Metaspace       used 8327K, committed 8576K, reserved 491520K
  class space    used 1116K, committed 1280K, reserved 425984K
}
Event: 26.848 GC heap after
{Heap after GC invocations=5 (full 0):
 garbage-first heap   total 65536K, used 18604K [0x0000000700000000, 0x0000000800000000)
  region size 2048K, 3 young (6144K), 3 survivors (6144K)
 Metaspace       used 8327K, committed 8576K, reserved 491520K
  class space    used 1116K, committed 1280K, reserved 425984K
}
Event: 65.911 GC heap before
{Heap before GC invocations=5 (full 0):
 garbage-first heap   total 65536K, used 45228K [0x0000000700000000, 0x0000000800000000)
  region size 2048K, 16 young (32768K), 3 survivors (6144K)
 Metaspace       used 13558K, committed 13824K, reserved 491520K
  class space    used 1841K, committed 1984K, reserved 425984K
}
Event: 65.979 GC heap after
{Heap after GC invocations=6 (full 0):
 garbage-first heap   total 65536K, used 21148K [0x0000000700000000, 0x0000000800000000)
  region size 2048K, 2 young (4096K), 2 survivors (4096K)
 Metaspace       used 13558K, committed 13824K, reserved 491520K
  class space    used 1841K, committed 1984K, reserved 425984K
}
Event: 73.643 GC heap before
{Heap before GC invocations=6 (full 0):
 garbage-first heap   total 65536K, used 43676K [0x0000000700000000, 0x0000000800000000)
  region size 2048K, 13 young (26624K), 2 survivors (4096K)
 Metaspace       used 16709K, committed 17024K, reserved 491520K
  class space    used 2321K, committed 2432K, reserved 425984K
}
Event: 73.655 GC heap after
{Heap after GC invocations=7 (full 0):
 garbage-first heap   total 65536K, used 22476K [0x0000000700000000, 0x0000000800000000)
  region size 2048K, 1 young (2048K), 1 survivors (2048K)
 Metaspace       used 16709K, committed 17024K, reserved 491520K
  class space    used 2321K, committed 2432K, reserved 425984K
}
Event: 78.169 GC heap before
{Heap before GC invocations=7 (full 0):
 garbage-first heap   total 65536K, used 45004K [0x0000000700000000, 0x0000000800000000)
  region size 2048K, 13 young (26624K), 1 survivors (2048K)
 Metaspace       used 20154K, committed 20480K, reserved 491520K
  class space    used 2779K, committed 2944K, reserved 425984K
}
Event: 78.182 GC heap after
{Heap after GC invocations=8 (full 0):
 garbage-first heap   total 65536K, used 23471K [0x0000000700000000, 0x0000000800000000)
  region size 2048K, 2 young (4096K), 2 survivors (4096K)
 Metaspace       used 20154K, committed 20480K, reserved 491520K
  class space    used 2779K, committed 2944K, reserved 425984K
}

